[19:03:00] [main/INFO]: Loading Minecraft 1.21.1 with Fabric Loader 0.16.3
[19:03:00] [main/INFO]: Loading 4 mods:
	- fabricloader 0.16.3
	   \-- mixinextras 0.4.1
	- java 21
	- minecraft 1.21.1
[19:03:00] [main/INFO]: SpongePowered MIXIN Subsystem Version=0.8.7 Source=file:/workspaces/Server/servidor_minecraft/libraries/net/fabricmc/sponge-mixin/0.15.2+mixin.0.8.7/sponge-mixin-0.15.2+mixin.0.8.7.jar Service=Knot/Fabric Env=SERVER
[19:03:07] [main/INFO]: Environment: Environment[sessionHost=https://sessionserver.mojang.com, servicesHost=https://api.minecraftservices.com, name=PROD]
[19:03:07] [main/WARN]: Missing data pack mod:forge
[19:03:08] [main/INFO]: Loaded 1290 recipes
[19:03:08] [main/INFO]: Loaded 1399 advancements
[19:03:09] [Server thread/INFO]: Starting minecraft server version 1.21.1
[19:03:09] [Server thread/INFO]: Loading properties
[19:03:09] [Server thread/INFO]: Default game type: SURVIVAL
[19:03:09] [Server thread/INFO]: Generating keypair
[19:03:09] [Server thread/INFO]: Starting Minecraft server on *:25565
[19:03:09] [Server thread/INFO]: Using epoll channel type
[19:03:09] [Server thread/WARN]: **** SERVER IS RUNNING IN OFFLINE/INSECURE MODE!
[19:03:09] [Server thread/WARN]: The server will make no attempt to authenticate usernames. Beware.
[19:03:09] [Server thread/WARN]: While this makes the game possible to play without internet access, it also opens up the ability for hackers to connect with any username they choose.
[19:03:09] [Server thread/WARN]: To change this, set "online-mode" to "true" in the server.properties file.
[19:03:09] [Server thread/INFO]: Preparing level "world"
[19:03:12] [Server thread/INFO]: Preparing start region for dimension minecraft:overworld
[19:03:13] [Worker-Main-1/INFO]: Preparing spawn area: 0%
[19:03:13] [Worker-Main-1/INFO]: Preparing spawn area: 0%
[19:03:13] [Server thread/WARN]: Ignoring unknown attribute 'forge:step_height_addition'
[19:03:13] [Server thread/WARN]: Ignoring unknown attribute 'forge:entity_gravity'
[19:03:13] [Server thread/INFO]: Time elapsed: 1376 ms
[19:03:13] [Server thread/INFO]: Done (3.989s)! For help, type "help"
[19:03:13] [Server thread/WARN]: Ignoring unknown attribute 'forge:step_height_addition'
[19:03:13] [Server thread/WARN]: Ignoring unknown attribute 'forge:entity_gravity'
[19:03:13] [Server thread/WARN]: Ignoring unknown attribute 'forge:step_height_addition'
[19:03:13] [Server thread/WARN]: Ignoring unknown attribute 'forge:entity_gravity'
[19:03:14] [Server thread/WARN]: Ignoring unknown attribute 'forge:step_height_addition'
[19:03:14] [Server thread/WARN]: Ignoring unknown attribute 'forge:entity_gravity'
[19:03:14] [Server thread/WARN]: Ignoring unknown attribute 'forge:step_height_addition'
[19:03:14] [Server thread/WARN]: Ignoring unknown attribute 'forge:entity_gravity'
